  [1m[36m (0.1ms)[0m  [1mselect sqlite_version(*)[0m
  [1m[35m (0.8ms)[0m  CREATE TABLE "schema_migrations" ("version" varchar(255) NOT NULL) 
  [1m[36m (0.0ms)[0m  [1mPRAGMA index_list("schema_migrations")[0m
  [1m[35m (0.7ms)[0m  CREATE UNIQUE INDEX "unique_schema_migrations" ON "schema_migrations" ("version")
  [1m[36m (0.1ms)[0m  [1mSELECT "schema_migrations"."version" FROM "schema_migrations" [0m
  [1m[36m (0.2ms)[0m  [1mselect sqlite_version(*)[0m
  [1m[35m (0.1ms)[0m  SELECT "schema_migrations"."version" FROM "schema_migrations" 


Started GET "/posts" for 127.0.0.1 at 2012-06-18 16:11:08 -0700

ActionController::RoutingError (No route matches [GET] "/posts"):
  actionpack (3.2.3) lib/action_dispatch/middleware/debug_exceptions.rb:21:in `call'
  actionpack (3.2.3) lib/action_dispatch/middleware/show_exceptions.rb:56:in `call'
  railties (3.2.3) lib/rails/rack/logger.rb:26:in `call_app'
  railties (3.2.3) lib/rails/rack/logger.rb:16:in `call'
  actionpack (3.2.3) lib/action_dispatch/middleware/request_id.rb:22:in `call'
  rack (1.4.1) lib/rack/methodoverride.rb:21:in `call'
  rack (1.4.1) lib/rack/runtime.rb:17:in `call'
  activesupport (3.2.3) lib/active_support/cache/strategy/local_cache.rb:72:in `call'
  rack (1.4.1) lib/rack/lock.rb:15:in `call'
  actionpack (3.2.3) lib/action_dispatch/middleware/static.rb:62:in `call'
  railties (3.2.3) lib/rails/engine.rb:479:in `call'
  railties (3.2.3) lib/rails/application.rb:220:in `call'
  rack (1.4.1) lib/rack/content_length.rb:14:in `call'
  railties (3.2.3) lib/rails/rack/log_tailer.rb:14:in `call'
  rack (1.4.1) lib/rack/handler/webrick.rb:59:in `service'
  /Users/ggross/.rvm/rubies/ruby-1.9.2-p320/lib/ruby/1.9.1/webrick/httpserver.rb:111:in `service'
  /Users/ggross/.rvm/rubies/ruby-1.9.2-p320/lib/ruby/1.9.1/webrick/httpserver.rb:70:in `run'
  /Users/ggross/.rvm/rubies/ruby-1.9.2-p320/lib/ruby/1.9.1/webrick/server.rb:183:in `block in start_thread'


  Rendered /Users/ggross/.rvm/gems/ruby-1.9.2-p320/gems/actionpack-3.2.3/lib/action_dispatch/middleware/templates/rescues/routing_error.erb within rescues/layout (2.1ms)


Started GET "/post" for 127.0.0.1 at 2012-06-18 16:11:16 -0700

ActionController::RoutingError (No route matches [GET] "/post"):
  actionpack (3.2.3) lib/action_dispatch/middleware/debug_exceptions.rb:21:in `call'
  actionpack (3.2.3) lib/action_dispatch/middleware/show_exceptions.rb:56:in `call'
  railties (3.2.3) lib/rails/rack/logger.rb:26:in `call_app'
  railties (3.2.3) lib/rails/rack/logger.rb:16:in `call'
  actionpack (3.2.3) lib/action_dispatch/middleware/request_id.rb:22:in `call'
  rack (1.4.1) lib/rack/methodoverride.rb:21:in `call'
  rack (1.4.1) lib/rack/runtime.rb:17:in `call'
  activesupport (3.2.3) lib/active_support/cache/strategy/local_cache.rb:72:in `call'
  rack (1.4.1) lib/rack/lock.rb:15:in `call'
  actionpack (3.2.3) lib/action_dispatch/middleware/static.rb:62:in `call'
  railties (3.2.3) lib/rails/engine.rb:479:in `call'
  railties (3.2.3) lib/rails/application.rb:220:in `call'
  rack (1.4.1) lib/rack/content_length.rb:14:in `call'
  railties (3.2.3) lib/rails/rack/log_tailer.rb:14:in `call'
  rack (1.4.1) lib/rack/handler/webrick.rb:59:in `service'
  /Users/ggross/.rvm/rubies/ruby-1.9.2-p320/lib/ruby/1.9.1/webrick/httpserver.rb:111:in `service'
  /Users/ggross/.rvm/rubies/ruby-1.9.2-p320/lib/ruby/1.9.1/webrick/httpserver.rb:70:in `run'
  /Users/ggross/.rvm/rubies/ruby-1.9.2-p320/lib/ruby/1.9.1/webrick/server.rb:183:in `block in start_thread'


  Rendered /Users/ggross/.rvm/gems/ruby-1.9.2-p320/gems/actionpack-3.2.3/lib/action_dispatch/middleware/templates/rescues/routing_error.erb within rescues/layout (0.6ms)
  [1m[36m (0.4ms)[0m  [1mSELECT "schema_migrations"."version" FROM "schema_migrations" [0m
Migrating to CreatePosts (20120619020314)
  [1m[35m (0.0ms)[0m  select sqlite_version(*)
  [1m[36m (0.0ms)[0m  [1mbegin transaction[0m
  [1m[35m (0.4ms)[0m  CREATE TABLE "posts" ("id" INTEGER PRIMARY KEY AUTOINCREMENT NOT NULL, "name" varchar(255), "title" varchar(255), "content" text, "created_at" datetime NOT NULL, "updated_at" datetime NOT NULL) 
  [1m[36m (0.1ms)[0m  [1mINSERT INTO "schema_migrations" ("version") VALUES ('20120619020314')[0m
  [1m[35m (1.2ms)[0m  commit transaction
  [1m[36m (0.2ms)[0m  [1mselect sqlite_version(*)[0m
  [1m[35m (0.1ms)[0m  SELECT "schema_migrations"."version" FROM "schema_migrations" 
  [1m[36m (0.0ms)[0m  [1mPRAGMA index_list("posts")[0m


Started GET "/posts" for 127.0.0.1 at 2012-06-18 19:04:59 -0700
Processing by PostsController#index as HTML
  [1m[36mPost Load (0.1ms)[0m  [1mSELECT "posts".* FROM "posts" [0m
  Rendered posts/index.html.erb within layouts/application (2.0ms)
Compiled posts.css  (5ms)  (pid 12481)
Compiled scaffolds.css  (11ms)  (pid 12481)
Compiled application.css  (49ms)  (pid 12481)
Compiled jquery.js  (2ms)  (pid 12481)
Compiled jquery_ujs.js  (0ms)  (pid 12481)
Compiled posts.js  (163ms)  (pid 12481)
Compiled application.js  (225ms)  (pid 12481)
Completed 200 OK in 348ms (Views: 309.9ms | ActiveRecord: 1.6ms)


Started GET "/assets/posts.css?body=1" for 127.0.0.1 at 2012-06-18 19:05:00 -0700
Served asset /posts.css - 200 OK (6ms)


Started GET "/assets/scaffolds.css?body=1" for 127.0.0.1 at 2012-06-18 19:05:00 -0700
Served asset /scaffolds.css - 200 OK (2ms)


Started GET "/assets/jquery.js?body=1" for 127.0.0.1 at 2012-06-18 19:05:00 -0700
Served asset /jquery.js - 200 OK (3ms)


Started GET "/assets/jquery_ujs.js?body=1" for 127.0.0.1 at 2012-06-18 19:05:00 -0700
Served asset /jquery_ujs.js - 200 OK (2ms)


Started GET "/assets/posts.js?body=1" for 127.0.0.1 at 2012-06-18 19:05:00 -0700
Served asset /posts.js - 200 OK (1ms)


Started GET "/posts" for 127.0.0.1 at 2012-06-19 09:06:03 -0700

ActiveRecord::ConnectionNotEstablished (ActiveRecord::ConnectionNotEstablished):
  activerecord (3.2.3) lib/active_record/connection_adapters/abstract/connection_pool.rb:398:in `retrieve_connection'
  activerecord (3.2.3) lib/active_record/connection_adapters/abstract/connection_specification.rb:168:in `retrieve_connection'
  activerecord (3.2.3) lib/active_record/connection_adapters/abstract/connection_specification.rb:142:in `connection'
  activerecord (3.2.3) lib/active_record/query_cache.rb:67:in `rescue in call'
  activerecord (3.2.3) lib/active_record/query_cache.rb:61:in `call'
  activerecord (3.2.3) lib/active_record/connection_adapters/abstract/connection_pool.rb:467:in `call'
  actionpack (3.2.3) lib/action_dispatch/middleware/callbacks.rb:28:in `block in call'
  activesupport (3.2.3) lib/active_support/callbacks.rb:405:in `_run__4277666757106228686__call__1600794106562340866__callbacks'
  activesupport (3.2.3) lib/active_support/callbacks.rb:405:in `__run_callback'
  activesupport (3.2.3) lib/active_support/callbacks.rb:385:in `_run_call_callbacks'
  activesupport (3.2.3) lib/active_support/callbacks.rb:81:in `run_callbacks'
  actionpack (3.2.3) lib/action_dispatch/middleware/callbacks.rb:27:in `call'
  actionpack (3.2.3) lib/action_dispatch/middleware/reloader.rb:65:in `call'
  actionpack (3.2.3) lib/action_dispatch/middleware/remote_ip.rb:31:in `call'
  actionpack (3.2.3) lib/action_dispatch/middleware/debug_exceptions.rb:16:in `call'
  actionpack (3.2.3) lib/action_dispatch/middleware/show_exceptions.rb:56:in `call'
  railties (3.2.3) lib/rails/rack/logger.rb:26:in `call_app'
  railties (3.2.3) lib/rails/rack/logger.rb:16:in `call'
  actionpack (3.2.3) lib/action_dispatch/middleware/request_id.rb:22:in `call'
  rack (1.4.1) lib/rack/methodoverride.rb:21:in `call'
  rack (1.4.1) lib/rack/runtime.rb:17:in `call'
  activesupport (3.2.3) lib/active_support/cache/strategy/local_cache.rb:72:in `call'
  rack (1.4.1) lib/rack/lock.rb:15:in `call'
  actionpack (3.2.3) lib/action_dispatch/middleware/static.rb:62:in `call'
  railties (3.2.3) lib/rails/engine.rb:479:in `call'
  railties (3.2.3) lib/rails/application.rb:220:in `call'
  rack (1.4.1) lib/rack/content_length.rb:14:in `call'
  railties (3.2.3) lib/rails/rack/log_tailer.rb:14:in `call'
  rack (1.4.1) lib/rack/handler/webrick.rb:59:in `service'
  /Users/ggross/.rvm/rubies/ruby-1.9.2-p320/lib/ruby/1.9.1/webrick/httpserver.rb:111:in `service'
  /Users/ggross/.rvm/rubies/ruby-1.9.2-p320/lib/ruby/1.9.1/webrick/httpserver.rb:70:in `run'
  /Users/ggross/.rvm/rubies/ruby-1.9.2-p320/lib/ruby/1.9.1/webrick/server.rb:183:in `block in start_thread'


  Rendered /Users/ggross/.rvm/gems/ruby-1.9.2-p320/gems/actionpack-3.2.3/lib/action_dispatch/middleware/templates/rescues/_trace.erb (1.3ms)
  Rendered /Users/ggross/.rvm/gems/ruby-1.9.2-p320/gems/actionpack-3.2.3/lib/action_dispatch/middleware/templates/rescues/_request_and_response.erb (2.8ms)
  Rendered /Users/ggross/.rvm/gems/ruby-1.9.2-p320/gems/actionpack-3.2.3/lib/action_dispatch/middleware/templates/rescues/diagnostics.erb within rescues/layout (12.3ms)
